<?xml version="1.0" encoding="UTF-8"?>
<!-- Generated by org.testng.reporters.JUnitReportReporter -->
<testsuite hostname="SharonS" failures="0" tests="4" name="org.pageexe.LoginPageExe" time="5.640" errors="0" timestamp="2023-08-31T10:33:28 IST" skipped="0">
  <testcase classname="org.pageexe.LoginPageExe" name="test2" time="1.301"/>
  <system-out/>
  <testcase classname="org.pageexe.LoginPageExe" name="test1" time="0.994"/>
  <system-out/>
  <testcase classname="org.pageexe.LoginPageExe" name="test2" time="1.375"/>
  <system-out/>
  <testcase classname="org.pageexe.LoginPageExe" name="test1" time="1.970"/>
  <system-out/>
</testsuite> <!-- org.pageexe.LoginPageExe -->
