<?xml version="1.0" encoding="UTF-8"?>
<!-- Generated by org.testng.reporters.JUnitReportReporter -->
<testsuite hostname="SharonS" failures="0" tests="3" name="org.pageexe.LoginExe" time="0.005" errors="0" timestamp="2023-08-23T17:49:19 IST" skipped="0">
  <testcase classname="org.pageexe.LoginExe" name="testa" time="0.001"/>
  <system-out/>
  <testcase classname="org.pageexe.LoginExe" name="test" time="0.001"/>
  <system-out/>
  <testcase classname="org.pageexe.LoginExe" name="test1" time="0.003"/>
  <system-out/>
</testsuite> <!-- org.pageexe.LoginExe -->
