<?xml version="1.0" encoding="UTF-8"?>
<!-- Generated by org.testng.reporters.JUnitReportReporter -->
<testsuite hostname="SharonS" failures="0" tests="1" name="org.parallela.ParallelExe1" time="2.022" errors="0" timestamp="2023-08-31T10:53:43 IST" skipped="0">
  <testcase classname="org.parallela.ParallelExe1" name="test2" time="2.022"/>
  <system-out/>
</testsuite> <!-- org.parallela.ParallelExe1 -->
