<?xml version="1.0" encoding="UTF-8"?>
<!-- Generated by org.testng.reporters.JUnitReportReporter -->
<testsuite hostname="SharonS" failures="0" tests="3" name="org.pageexe.DataProviderSample" time="0.020" errors="0" timestamp="2023-08-26T18:20:12 IST" skipped="0">
  <testcase classname="org.pageexe.DataProviderSample" name="meth" time="0.006"/>
  <system-out/>
  <testcase classname="org.pageexe.DataProviderSample" name="meth" time="0.004"/>
  <system-out/>
  <testcase classname="org.pageexe.DataProviderSample" name="meth" time="0.010"/>
  <system-out/>
</testsuite> <!-- org.pageexe.DataProviderSample -->
