<?xml version="1.0" encoding="UTF-8"?>
<!-- Generated by org.testng.reporters.JUnitReportReporter -->
<testsuite hostname="SharonS" failures="0" tests="2" name="org.parallela.ParallelExe" time="2.013" errors="0" timestamp="2023-08-31T10:53:43 IST" skipped="1">
  <testcase classname="org.parallela.ParallelExe" name="test1" time="2.013"/>
  <system-out/>
  <testcase classname="org.parallela.ParallelExe" name="test2">
    <skipped/>
  </testcase> <!-- test2 -->
  <system-out/>
</testsuite> <!-- org.parallela.ParallelExe -->
