<?xml version="1.0" encoding="UTF-8"?>
<!-- Generated by org.testng.reporters.JUnitReportReporter -->
<testsuite hostname="SharonS" failures="0" tests="3" name="org.pageexe.DataProviderOut" time="0.014" errors="0" timestamp="2023-08-28T13:32:24 IST" skipped="0">
  <testcase classname="org.pageexe.DataProviderOut" name="meth" time="0.002"/>
  <system-out/>
  <testcase classname="org.pageexe.DataProviderOut" name="meth" time="0.004"/>
  <system-out/>
  <testcase classname="org.pageexe.DataProviderOut" name="meth" time="0.008"/>
  <system-out/>
</testsuite> <!-- org.pageexe.DataProviderOut -->
