<?xml version="1.0" encoding="UTF-8"?>
<!-- Generated by org.testng.reporters.JUnitReportReporter -->
<testsuite hostname="SharonS" failures="0" tests="2" name="org.pageexe.GroupTest" time="0.016" errors="0" timestamp="2023-08-30T07:10:01 IST" skipped="0">
  <testcase classname="org.pageexe.GroupTest" name="test2" time="0.003"/>
  <system-out/>
  <testcase classname="org.pageexe.GroupTest" name="test1" time="0.013"/>
  <system-out/>
</testsuite> <!-- org.pageexe.GroupTest -->
