<?xml version="1.0" encoding="UTF-8"?>
<!-- Generated by org.testng.reporters.JUnitReportReporter -->
<testsuite hostname="SharonS" failures="0" tests="1" name="org.pageexe.ExecutionOrderBTS" time="0.014" errors="0" timestamp="2023-08-23T17:49:19 IST" skipped="0">
  <testcase classname="org.pageexe.ExecutionOrderBTS" name="testz" time="0.014"/>
  <system-out/>
</testsuite> <!-- org.pageexe.ExecutionOrderBTS -->
